<?xml version="1.0" encoding="UTF-8"?>
<testsuite xmlns:xsi="http://www.w3.org/2001/XMLSchema-instance" xsi:noNamespaceSchemaLocation="https://maven.apache.org/surefire/maven-surefire-plugin/xsd/surefire-test-report.xsd" name="quentin.m.AppTest" time="0.026" tests="2" errors="1" skipped="0" failures="0">
  <properties>
[...]
</properties>
  <testcase name="shouldAnswerWithTrue" classname="quentin.m.AppTest" time="0.002"/>
  <testcase name="testApp" classname="quentin.m.AppTest" time="0.004">
    <error message="quentin/m/App has been compiled by a more recent version of the Java Runtime (class file version 66.0), this version of the Java Runtime only recognizes class file versions up to 65.0" type="java.lang.UnsupportedClassVersionError">java.lang.UnsupportedClassVersionError: quentin/m/App has been compiled by a more recent version of the Java Runtime (class file version 66.0), this version of the Java Runtime only recognizes class file versions up to 65.0
	at quentin.m.AppTest.testApp(AppTest.java:28)
</error>
  </testcase>
</testsuite>